<?xml version="1.0" encoding="UTF-8"?>
<!-- Generated by org.testng.reporters.JUnitReportReporter -->
<testsuite hostname="sivaji" failures="0" tests="1" name="cucumber.TestNgTestRunner" time="18.488" errors="0" timestamp="2024-10-21T11:53:24 CDT" skipped="0">
  <testcase classname="cucumber.TestNgTestRunner" name="runScenario" time="18.488"/>
</testsuite> <!-- cucumber.TestNgTestRunner -->
