<?xml version="1.0" encoding="UTF-8"?>
<!-- Generated by org.testng.reporters.JUnitReportReporter -->
<testsuite hostname="sivaji" failures="0" tests="2" name="rahulshettyacademy.Tests.ErrorValidationsTest" time="25.824" errors="0" timestamp="2024-10-21T13:28:34 CDT" skipped="0">
  <testcase classname="rahulshettyacademy.Tests.ErrorValidationsTest" name="loginErrorValidation" time="7.338"/>
  <testcase classname="rahulshettyacademy.Tests.ErrorValidationsTest" name="productErrorValidation" time="18.486"/>
</testsuite> <!-- rahulshettyacademy.Tests.ErrorValidationsTest -->
