<?xml version="1.0" encoding="UTF-8"?>
<!-- Generated by org.testng.reporters.JUnitReportReporter -->
<testsuite hostname="sivaji" failures="0" tests="1" name="cucumber.TestNgTestRunner" time="19.992" errors="0" timestamp="2024-10-21T13:30:12 CDT" skipped="0">
  <testcase classname="cucumber.TestNgTestRunner" name="runScenario" time="19.992"/>
</testsuite> <!-- cucumber.TestNgTestRunner -->
