<?xml version="1.0" encoding="UTF-8"?>
<!-- Generated by org.testng.reporters.JUnitReportReporter -->
<testsuite hostname="sivaji" failures="0" tests="3" name="rahulshettyacademy.Tests.SubmitOrderTest" time="47.283" errors="0" timestamp="2024-10-21T13:28:34 CDT" skipped="0">
  <testcase classname="rahulshettyacademy.Tests.SubmitOrderTest" name="submitOrderTest" time="19.096"/>
  <testcase classname="rahulshettyacademy.Tests.SubmitOrderTest" name="orderHistoryTest" time="7.921"/>
  <testcase classname="rahulshettyacademy.Tests.SubmitOrderTest" name="submitOrderTest" time="20.266"/>
</testsuite> <!-- rahulshettyacademy.Tests.SubmitOrderTest -->
